2024-06-25 18:06:724 INFO  SelectNationalityPage :43 - Accept cookies : [[ChromeDriver: chrome on windows (64bd69f5be5ade1f746cfafc80a7ea02)] -> xpath: //button[contains(text(), 'Accept additional cookies')]]
2024-06-25 18:06:903 INFO  SelectNationalityPage :43 - Accept cookies : [[ChromeDriver: chrome on windows (fd64904b29097a8e757f85299751d73d)] -> xpath: //button[contains(text(), 'Accept additional cookies')]]
2024-06-25 18:06:255 INFO  SelectNationalityPage :43 - Accept cookies : [[ChromeDriver: chrome on windows (d3b31389e18e5854eb1c8d7d5a8b1d22)] -> xpath: //button[contains(text(), 'Accept additional cookies')]]
2024-06-25 18:06:97 INFO  SelectNationalityPage :43 - Accept cookies : [[ChromeDriver: chrome on windows (fafbfe42f4778883fb3466b5894acf53)] -> xpath: //button[contains(text(), 'Accept additional cookies')]]
2024-06-25 18:06:560 INFO  SelectNationalityPage :43 - Accept cookies : [[ChromeDriver: chrome on windows (dbdc1849007f837bf8f87cd6dfd70acf)] -> xpath: //button[contains(text(), 'Accept additional cookies')]]
2024-06-25 18:06:25 INFO  SelectNationalityPage :43 - Accept cookies : [[ChromeDriver: chrome on windows (ab43a66e96e4ee1ee42e7cdd27903a2b)] -> xpath: //button[contains(text(), 'Accept additional cookies')]]
2024-06-25 18:06:622 INFO  SelectNationalityPage :43 - Accept cookies : [[ChromeDriver: chrome on windows (13276d8f2cb815d744e05ae47286567a)] -> xpath: //button[contains(text(), 'Accept additional cookies')]]
2024-06-25 18:06:907 INFO  SelectNationalityPage :43 - Accept cookies : [[ChromeDriver: chrome on windows (e426678d91b022142a080d13eaae254d)] -> xpath: //button[contains(text(), 'Accept additional cookies')]]
2024-06-25 18:06:403 INFO  SelectNationalityPage :43 - Accept cookies : [[ChromeDriver: chrome on windows (03fcd4e946e093e4866d806f8690b09e)] -> xpath: //button[contains(text(), 'Accept additional cookies')]]
2024-06-25 18:06:688 INFO  StartPage :22 - Click on start button : [[ChromeDriver: chrome on windows (cd2a12b8a378e8fdaabc5fa43f931a8c)] -> xpath: //a[@class ='gem-c-button govuk-button govuk-button--start']]
2024-06-25 18:06:938 INFO  SelectNationalityPage :43 - Accept cookies : [[ChromeDriver: chrome on windows (030059781aaae1d9711b68f49f604d0e)] -> xpath: //button[contains(text(), 'Accept additional cookies')]]
2024-06-25 18:06:829 INFO  StartPage :22 - Click on start button : [[ChromeDriver: chrome on windows (030059781aaae1d9711b68f49f604d0e)] -> xpath: //a[@class ='gem-c-button govuk-button govuk-button--start']]
2024-06-25 18:06:41 INFO  SelectNationalityPage :49 - Click on continue button : [[ChromeDriver: chrome on windows (030059781aaae1d9711b68f49f604d0e)] -> xpath: //button[contains(text(), 'Accept additional cookies')]]
2024-06-25 18:06:875 INFO  ReasonOfTravelPage :52 - Button for Reason : [[ChromeDriver: chrome on windows (030059781aaae1d9711b68f49f604d0e)] -> xpath: //button[contains(text(),'Continue')]]
2024-06-25 18:06:976 INFO  SelectNationalityPage :43 - Accept cookies : [[ChromeDriver: chrome on windows (7669b9492f25be6407692a5747eb16b9)] -> xpath: //button[contains(text(), 'Accept additional cookies')]]
2024-06-25 18:06:722 INFO  StartPage :22 - Click on start button : [[ChromeDriver: chrome on windows (7669b9492f25be6407692a5747eb16b9)] -> xpath: //a[@class ='gem-c-button govuk-button govuk-button--start']]
2024-06-25 18:06:460 INFO  SelectNationalityPage :49 - Click on continue button : [[ChromeDriver: chrome on windows (7669b9492f25be6407692a5747eb16b9)] -> xpath: //button[contains(text(), 'Accept additional cookies')]]
2024-06-25 18:06:520 INFO  ReasonOfTravelPage :57 - Reason Work Academic visit : [[ChromeDriver: chrome on windows (7669b9492f25be6407692a5747eb16b9)] -> xpath: //label[normalize-space()='Work, academic visit or business']]
2024-06-25 18:06:504 INFO  ReasonOfTravelPage :52 - Button for Reason : [[ChromeDriver: chrome on windows (7669b9492f25be6407692a5747eb16b9)] -> xpath: //button[contains(text(),'Continue')]]
2024-06-25 18:06:576 INFO  DurationOfStayPage :23 - Duration of stay : [[ChromeDriver: chrome on windows (7669b9492f25be6407692a5747eb16b9)] -> xpath: //label[normalize-space()='longer than 6 months']]
2024-06-25 18:06:738 INFO  ReasonOfTravelPage :52 - Button for Reason : [[ChromeDriver: chrome on windows (7669b9492f25be6407692a5747eb16b9)] -> xpath: //button[contains(text(),'Continue')]]
2024-06-25 18:06:888 INFO  WorkTypePage :24 - Select work for 'Health and care professional : [[ChromeDriver: chrome on windows (7669b9492f25be6407692a5747eb16b9)] -> xpath: //label[normalize-space()='Health and care professional']]
2024-06-25 18:06:923 INFO  WorkTypePage :29 - click om continue button for healthcare : [[ChromeDriver: chrome on windows (7669b9492f25be6407692a5747eb16b9)] -> xpath: //button[normalize-space()='Continue']]
2024-06-25 18:06:29 INFO  SelectNationalityPage :43 - Accept cookies : [[ChromeDriver: chrome on windows (ddce21f9c81177d26f8fe70e346dbdf3)] -> xpath: //button[contains(text(), 'Accept additional cookies')]]
2024-06-25 18:06:795 INFO  StartPage :22 - Click on start button : [[ChromeDriver: chrome on windows (ddce21f9c81177d26f8fe70e346dbdf3)] -> xpath: //a[@class ='gem-c-button govuk-button govuk-button--start']]
2024-06-25 18:06:733 INFO  SelectNationalityPage :49 - Click on continue button : [[ChromeDriver: chrome on windows (ddce21f9c81177d26f8fe70e346dbdf3)] -> xpath: //button[contains(text(), 'Accept additional cookies')]]
2024-06-25 18:06:800 INFO  ReasonOfTravelPage :63 - Reason for join partner or family : [[ChromeDriver: chrome on windows (ddce21f9c81177d26f8fe70e346dbdf3)] -> xpath: //label[normalize-space()='Join partner or family for a long stay']]
2024-06-25 18:06:372 INFO  ReasonOfTravelPage :52 - Button for Reason : [[ChromeDriver: chrome on windows (ddce21f9c81177d26f8fe70e346dbdf3)] -> xpath: //button[contains(text(),'Continue')]]
2024-06-25 18:06:417 INFO  FamilyImmigrationStatusPage :18 - Verify text you may need visa to join family or partner : [[ChromeDriver: chrome on windows (ddce21f9c81177d26f8fe70e346dbdf3)] -> xpath: //h2[normalize-space()='You may need a visa']]
2024-06-25 18:06:122 INFO  StartPage :22 - Click on start button : [[ChromeDriver: chrome on windows (4e46d086b0ef64ac3228bccb82989f9d)] -> xpath: //a[@class ='gem-c-button govuk-button govuk-button--start']]
2024-06-25 18:06:186 INFO  SelectNationalityPage :43 - Accept cookies : [[ChromeDriver: chrome on windows (4d5275f5fbd45694f7937c5382b9d1e9)] -> xpath: //button[contains(text(), 'Accept additional cookies')]]
2024-06-25 18:06:937 INFO  StartPage :22 - Click on start button : [[ChromeDriver: chrome on windows (4d5275f5fbd45694f7937c5382b9d1e9)] -> xpath: //a[@class ='gem-c-button govuk-button govuk-button--start']]
2024-06-25 18:06:405 INFO  SelectNationalityPage :49 - Click on continue button : [[ChromeDriver: chrome on windows (4d5275f5fbd45694f7937c5382b9d1e9)] -> xpath: //button[contains(text(), 'Accept additional cookies')]]
2024-06-25 18:06:634 INFO  ReasonOfTravelPage :52 - Button for Reason : [[ChromeDriver: chrome on windows (4d5275f5fbd45694f7937c5382b9d1e9)] -> xpath: //button[contains(text(),'Continue')]]
2024-06-25 18:06:711 INFO  SelectNationalityPage :43 - Accept cookies : [[ChromeDriver: chrome on windows (671c746f259caf936bd44b7d75589f87)] -> xpath: //button[contains(text(), 'Accept additional cookies')]]
2024-06-25 18:06:499 INFO  StartPage :22 - Click on start button : [[ChromeDriver: chrome on windows (671c746f259caf936bd44b7d75589f87)] -> xpath: //a[@class ='gem-c-button govuk-button govuk-button--start']]
2024-06-25 18:06:916 INFO  SelectNationalityPage :49 - Click on continue button : [[ChromeDriver: chrome on windows (671c746f259caf936bd44b7d75589f87)] -> xpath: //button[contains(text(), 'Accept additional cookies')]]
2024-06-25 18:06:997 INFO  ReasonOfTravelPage :57 - Reason Work Academic visit : [[ChromeDriver: chrome on windows (671c746f259caf936bd44b7d75589f87)] -> xpath: //label[normalize-space()='Work, academic visit or business']]
2024-06-25 18:06:113 INFO  ReasonOfTravelPage :52 - Button for Reason : [[ChromeDriver: chrome on windows (671c746f259caf936bd44b7d75589f87)] -> xpath: //button[contains(text(),'Continue')]]
2024-06-25 18:06:260 INFO  DurationOfStayPage :23 - Duration of stay : [[ChromeDriver: chrome on windows (671c746f259caf936bd44b7d75589f87)] -> xpath: //label[normalize-space()='longer than 6 months']]
2024-06-25 18:06:359 INFO  ReasonOfTravelPage :52 - Button for Reason : [[ChromeDriver: chrome on windows (671c746f259caf936bd44b7d75589f87)] -> xpath: //button[contains(text(),'Continue')]]
2024-06-25 18:06:543 INFO  WorkTypePage :24 - Select work for 'Health and care professional : [[ChromeDriver: chrome on windows (671c746f259caf936bd44b7d75589f87)] -> xpath: //label[normalize-space()='Health and care professional']]
2024-06-25 18:06:682 INFO  WorkTypePage :29 - click om continue button for healthcare : [[ChromeDriver: chrome on windows (671c746f259caf936bd44b7d75589f87)] -> xpath: //button[normalize-space()='Continue']]
2024-06-25 18:06:679 INFO  SelectNationalityPage :43 - Accept cookies : [[ChromeDriver: chrome on windows (0efcd03686a03f2cfdc17d36eeafc233)] -> xpath: //button[contains(text(), 'Accept additional cookies')]]
2024-06-25 18:06:442 INFO  StartPage :22 - Click on start button : [[ChromeDriver: chrome on windows (0efcd03686a03f2cfdc17d36eeafc233)] -> xpath: //a[@class ='gem-c-button govuk-button govuk-button--start']]
2024-06-25 18:06:860 INFO  SelectNationalityPage :49 - Click on continue button : [[ChromeDriver: chrome on windows (0efcd03686a03f2cfdc17d36eeafc233)] -> xpath: //button[contains(text(), 'Accept additional cookies')]]
2024-06-25 18:06:929 INFO  ReasonOfTravelPage :63 - Reason for join partner or family : [[ChromeDriver: chrome on windows (0efcd03686a03f2cfdc17d36eeafc233)] -> xpath: //label[normalize-space()='Join partner or family for a long stay']]
2024-06-25 18:06:52 INFO  ReasonOfTravelPage :52 - Button for Reason : [[ChromeDriver: chrome on windows (0efcd03686a03f2cfdc17d36eeafc233)] -> xpath: //button[contains(text(),'Continue')]]
2024-06-25 18:06:193 INFO  FamilyImmigrationStatusPage :18 - Verify text you may need visa to join family or partner : [[ChromeDriver: chrome on windows (0efcd03686a03f2cfdc17d36eeafc233)] -> xpath: //h2[normalize-space()='You may need a visa']]
